[debug] [2021-09-21T00:39:20.851Z] ----------------------------------------------------------------------
[debug] [2021-09-21T00:39:20.857Z] Command:       C:\Program Files\nodejs\node.exe C:\Users\herme\AppData\Roaming\npm\node_modules\firebase-tools\lib\bin\firebase.js deploy
[debug] [2021-09-21T00:39:20.858Z] CLI Version:   9.16.6
[debug] [2021-09-21T00:39:20.858Z] Platform:      win32
[debug] [2021-09-21T00:39:20.858Z] Node Version:  v14.17.3
[debug] [2021-09-21T00:39:20.869Z] Time:          Mon Sep 20 2021 19:39:20 GMT-0500 (hora estándar de Colombia)
[debug] [2021-09-21T00:39:20.869Z] ----------------------------------------------------------------------
[debug] 
[debug] [2021-09-21T00:39:20.877Z] >>> [apiv2][query] GET https://firebase-public.firebaseio.com/cli.json [none]
[debug] [2021-09-21T00:39:21.060Z] > command requires scopes: ["email","openid","https://www.googleapis.com/auth/cloudplatformprojects.readonly","https://www.googleapis.com/auth/firebase","https://www.googleapis.com/auth/cloud-platform"]
[debug] [2021-09-21T00:39:21.060Z] > authorizing via signed-in user (hermenth@gmail.com)
[debug] [2021-09-21T00:39:21.061Z] [iam] checking project mascotas-3c0f1 for permissions ["firebase.projects.get","firebasehosting.sites.update"]
[debug] [2021-09-21T00:39:21.064Z] > refreshing access token with scopes: ["email","https://www.googleapis.com/auth/cloud-platform","https://www.googleapis.com/auth/cloudplatformprojects.readonly","https://www.googleapis.com/auth/firebase","openid"]
[debug] [2021-09-21T00:39:21.065Z] >>> HTTP REQUEST POST https://www.googleapis.com/oauth2/v3/token  
 <request body omitted>
[debug] [2021-09-21T00:39:21.438Z] <<< [apiv2][status] GET https://firebase-public.firebaseio.com/cli.json 200
[debug] [2021-09-21T00:39:21.439Z] <<< [apiv2][body] GET https://firebase-public.firebaseio.com/cli.json {"cloudBuildErrorAfter":1594252800000,"cloudBuildWarnAfter":1590019200000,"defaultNode10After":1594252800000,"minVersion":"3.0.5","node8DeploysDisabledAfter":1613390400000,"node8RuntimeDisabledAfter":1615809600000,"node8WarnAfter":1600128000000}
[debug] [2021-09-21T00:39:22.371Z] <<< HTTP RESPONSE 200 {"date":"Tue, 21 Sep 2021 00:39:23 GMT","expires":"Mon, 01 Jan 1990 00:00:00 GMT","cache-control":"no-cache, no-store, max-age=0, must-revalidate","pragma":"no-cache","content-type":"application/json; charset=utf-8","vary":"X-Origin, Referer, Origin,Accept-Encoding","server":"scaffolding on HTTPServer2","x-xss-protection":"0","x-frame-options":"SAMEORIGIN","x-content-type-options":"nosniff","alt-svc":"h3=\":443\"; ma=2592000,h3-29=\":443\"; ma=2592000,h3-T051=\":443\"; ma=2592000,h3-Q050=\":443\"; ma=2592000,h3-Q046=\":443\"; ma=2592000,h3-Q043=\":443\"; ma=2592000,quic=\":443\"; ma=2592000; v=\"46,43\"","accept-ranges":"none","transfer-encoding":"chunked"}
[debug] [2021-09-21T00:39:22.397Z] >>> HTTP REQUEST POST https://cloudresourcemanager.googleapis.com/v1/projects/mascotas-3c0f1:testIamPermissions  
 {"permissions":["firebase.projects.get","firebasehosting.sites.update"]}
[debug] [2021-09-21T00:39:23.099Z] <<< HTTP RESPONSE 200 {"content-type":"application/json; charset=UTF-8","vary":"X-Origin, Referer, Origin,Accept-Encoding","date":"Tue, 21 Sep 2021 00:39:24 GMT","server":"ESF","cache-control":"private","x-xss-protection":"0","x-frame-options":"SAMEORIGIN","x-content-type-options":"nosniff","server-timing":"gfet4t7; dur=391","alt-svc":"h3=\":443\"; ma=2592000,h3-29=\":443\"; ma=2592000,h3-T051=\":443\"; ma=2592000,h3-Q050=\":443\"; ma=2592000,h3-Q046=\":443\"; ma=2592000,h3-Q043=\":443\"; ma=2592000,quic=\":443\"; ma=2592000; v=\"46,43\"","accept-ranges":"none","transfer-encoding":"chunked"}
[debug] [2021-09-21T00:39:23.101Z] [iam] error while checking permissions, command may fail: FirebaseError: Authorization failed. This account is missing the following required permissions on project mascotas-3c0f1:

  firebase.projects.get
  firebasehosting.sites.update
[debug] [2021-09-21T00:39:23.102Z] > refreshing access token with scopes: []
[debug] [2021-09-21T00:39:23.103Z] >>> HTTP REQUEST POST https://www.googleapis.com/oauth2/v3/token  
 <request body omitted>
[debug] [2021-09-21T00:39:23.646Z] <<< HTTP RESPONSE 200 {"pragma":"no-cache","expires":"Mon, 01 Jan 1990 00:00:00 GMT","cache-control":"no-cache, no-store, max-age=0, must-revalidate","date":"Tue, 21 Sep 2021 00:39:25 GMT","content-type":"application/json; charset=utf-8","vary":"X-Origin, Referer, Origin,Accept-Encoding","server":"scaffolding on HTTPServer2","x-xss-protection":"0","x-frame-options":"SAMEORIGIN","x-content-type-options":"nosniff","alt-svc":"h3=\":443\"; ma=2592000,h3-29=\":443\"; ma=2592000,h3-T051=\":443\"; ma=2592000,h3-Q050=\":443\"; ma=2592000,h3-Q046=\":443\"; ma=2592000,h3-Q043=\":443\"; ma=2592000,quic=\":443\"; ma=2592000; v=\"46,43\"","accept-ranges":"none","transfer-encoding":"chunked"}
[debug] [2021-09-21T00:39:23.665Z] >>> [apiv2][query] GET https://firebase.googleapis.com/v1beta1/projects/mascotas-3c0f1 [none]
[debug] [2021-09-21T00:39:26.247Z] <<< [apiv2][status] GET https://firebase.googleapis.com/v1beta1/projects/mascotas-3c0f1 403
[debug] [2021-09-21T00:39:26.247Z] <<< [apiv2][body] GET https://firebase.googleapis.com/v1beta1/projects/mascotas-3c0f1 {"error":{"code":403,"message":"The caller does not have permission","status":"PERMISSION_DENIED"}}
[debug] [2021-09-21T00:39:26.248Z] HTTP Error: 403, The caller does not have permission
[debug] [2021-09-21T00:39:26.446Z] FirebaseError: HTTP Error: 403, The caller does not have permission
    at module.exports (C:\Users\herme\AppData\Roaming\npm\node_modules\firebase-tools\lib\responseToError.js:38:12)
    at Client.doRequest (C:\Users\herme\AppData\Roaming\npm\node_modules\firebase-tools\lib\apiv2.js:238:23)
    at processTicksAndRejections (internal/process/task_queues.js:95:5)
    at async Client.request (C:\Users\herme\AppData\Roaming\npm\node_modules\firebase-tools\lib\apiv2.js:96:20)
    at async Object.getFirebaseProject (C:\Users\herme\AppData\Roaming\npm\node_modules\firebase-tools\lib\management\projects.js:290:21)
    at async Object.getDefaultHostingSite (C:\Users\herme\AppData\Roaming\npm\node_modules\firebase-tools\lib\getDefaultHostingSite.js:8:21)
    at async requireHostingSite (C:\Users\herme\AppData\Roaming\npm\node_modules\firebase-tools\lib\requireHostingSite.js:9:18)
    at async Object.fn (C:\Users\herme\AppData\Roaming\npm\node_modules\firebase-tools\lib\commands\deploy.js:65:9)
    at async C:\Users\herme\AppData\Roaming\npm\node_modules\firebase-tools\lib\command.js:186:17
[error] 
[error] Error: Failed to get Firebase project mascotas-3c0f1. Please make sure the project exists and your account has permission to access it.
